<?xml version="1.0" encoding="UTF-8"?>
<testng-results skipped="0" failed="0" ignored="0" total="1" passed="1">
  <reporter-output>
  </reporter-output>
  <suite name="Suite" duration-ms="39816" started-at="2020-04-17T13:06:43 IST" finished-at="2020-04-17T13:07:23 IST">
    <groups>
      <group name="cucumber">
        <method signature="AbstractTestNGCucumberTests.feature(cucumber.api.testng.CucumberFeatureWrapper)[pri:0, instance:cucumberOptions.TestRunner@6fc6f14e]" name="feature" class="cucumber.api.testng.AbstractTestNGCucumberTests"/>
      </group> <!-- cucumber -->
    </groups>
    <test name="Test" duration-ms="39816" started-at="2020-04-17T13:06:43 IST" finished-at="2020-04-17T13:07:23 IST">
      <class name="cucumberOptions.TestRunner">
        <test-method status="PASS" signature="setUpClass()[pri:0, instance:cucumberOptions.TestRunner@6fc6f14e]" name="setUpClass" is-config="true" duration-ms="1117" started-at="2020-04-17T13:06:43 IST" finished-at="2020-04-17T13:06:44 IST">
          <reporter-output>
          </reporter-output>
        </test-method> <!-- setUpClass -->
        <test-method status="PASS" signature="feature(cucumber.api.testng.CucumberFeatureWrapper)[pri:0, instance:cucumberOptions.TestRunner@6fc6f14e]" name="feature" duration-ms="38264" started-at="2020-04-17T13:06:45 IST" description="Runs Cucumber Feature" data-provider="features" finished-at="2020-04-17T13:07:23 IST">
          <params>
            <param index="0">
              <value>
                <![CDATA[]]>
              </value>
            </param>
          </params>
          <reporter-output>
          </reporter-output>
        </test-method> <!-- feature -->
        <test-method status="PASS" signature="tearDownClass()[pri:0, instance:cucumberOptions.TestRunner@6fc6f14e]" name="tearDownClass" is-config="true" duration-ms="11" started-at="2020-04-17T13:07:23 IST" finished-at="2020-04-17T13:07:23 IST">
          <reporter-output>
          </reporter-output>
        </test-method> <!-- tearDownClass -->
      </class> <!-- cucumberOptions.TestRunner -->
    </test> <!-- Test -->
  </suite> <!-- Suite -->
</testng-results>
