<?xml version="1.0" encoding="UTF-8"?>
<testng-results skipped="0" failed="0" ignored="0" total="1" passed="1">
  <reporter-output>
  </reporter-output>
  <suite name="Default suite" duration-ms="43353" started-at="2020-05-07T12:07:05 IST" finished-at="2020-05-07T12:07:49 IST">
    <groups>
    </groups>
    <test name="Default test" duration-ms="43353" started-at="2020-05-07T12:07:05 IST" finished-at="2020-05-07T12:07:49 IST">
      <class name="base.MultipleWindow">
        <test-method status="PASS" signature="windowHandle()[pri:0, instance:base.MultipleWindow@458c1321]" name="windowHandle" duration-ms="43195" started-at="2020-05-07T12:07:06 IST" finished-at="2020-05-07T12:07:49 IST">
          <reporter-output>
          </reporter-output>
        </test-method> <!-- windowHandle -->
      </class> <!-- base.MultipleWindow -->
    </test> <!-- Default test -->
  </suite> <!-- Default suite -->
</testng-results>
